1505435504114	geckodriver	INFO	geckodriver 0.18.0
1505435504119	geckodriver	INFO	Listening on 127.0.0.1:52050
1505435505197	geckodriver::marionette	INFO	Starting browser /Applications/Firefox.app/Contents/MacOS/firefox-bin with args ["-marionette"]
1505435505658	addons.xpi	WARN	Error parsing extensions state: [Exception... "Component returned failure code: 0x80520012 (NS_ERROR_FILE_NOT_FOUND) [amIAddonManagerStartup.readStartupData]"  nsresult: "0x80520012 (NS_ERROR_FILE_NOT_FOUND)"  location: "JS frame :: resource://gre/modules/addons/XPIProvider.jsm :: loadExtensionState :: line 1596"  data: no] Stack trace: loadExtensionState()@resource://gre/modules/addons/XPIProvider.jsm:1596 < getInstallState()@resource://gre/modules/addons/XPIProvider.jsm:1631 < checkForChanges()@resource://gre/modules/addons/XPIProvider.jsm:3152 < startup()@resource://gre/modules/addons/XPIProvider.jsm:2246 < callProvider()@resource://gre/modules/AddonManager.jsm:271 < _startProvider()@resource://gre/modules/AddonManager.jsm:741 < startup()@resource://gre/modules/AddonManager.jsm:908 < startup()@resource://gre/modules/AddonManager.jsm:3122 < observe()@jar:file:///Applications/Firefox.app/Contents/Resources/omni.ja!/components/addonManager.js:65
1505435506043	Marionette	INFO	Enabled via --marionette
2017-09-14 20:31:47.236 plugin-container[1788:131259] *** CFMessagePort: bootstrap_register(): failed 1100 (0x44c) 'Permission denied', port = 0xae3b, name = 'com.apple.tsm.portname'
See /usr/include/servers/bootstrap_defs.h for the error codes.
2017-09-14 20:31:47.239 plugin-container[1788:131259] *** CFMessagePort: bootstrap_register(): failed 1100 (0x44c) 'Permission denied', port = 0xb103, name = 'com.apple.CFPasteboardClient'
See /usr/include/servers/bootstrap_defs.h for the error codes.
1505435507592	Marionette	INFO	Listening on port 52059
JavaScript error: chrome://marionette/content/server.js, line 337: NS_ERROR_SOCKET_ADDRESS_IN_USE: Component returned failure code: 0x804b0036 (NS_ERROR_SOCKET_ADDRESS_IN_USE) [nsIServerSocket.initSpecialConnection]
1505435507614	Marionette	WARN	TLS certificate errors will be ignored for this session
1505435507655	Marionette	DEBUG	loaded listener.js
1505435507672	Marionette	DEBUG	Received DOM event "beforeunload" for "about:blank"
1505435507690	Marionette	DEBUG	Received DOM event "beforeunload" for "about:blank"
1505435507693	Marionette	DEBUG	Received DOM event "pagehide" for "about:blank"
1505435507693	Marionette	DEBUG	Received DOM event "unload" for "about:blank"
1505435507742	Marionette	DEBUG	Received DOM event "DOMContentLoaded" for "about:neterror?e=connectionFailure&u=http%3A//localhost%3A8000/&c=UTF-8&f=regular&d=Firefox%20can%E2%80%99t%20establish%20a%20connection%20to%20the%20server%20at%20localhost%3A8000."
1505435507768	Marionette	INFO	New connections will no longer be accepted
1505435704999	geckodriver	INFO	geckodriver 0.18.0
1505435705004	geckodriver	INFO	Listening on 127.0.0.1:52204
1505435706072	geckodriver::marionette	INFO	Starting browser /Applications/Firefox.app/Contents/MacOS/firefox-bin with args ["-marionette"]
1505435706294	addons.xpi	WARN	Error parsing extensions state: [Exception... "Component returned failure code: 0x80520012 (NS_ERROR_FILE_NOT_FOUND) [amIAddonManagerStartup.readStartupData]"  nsresult: "0x80520012 (NS_ERROR_FILE_NOT_FOUND)"  location: "JS frame :: resource://gre/modules/addons/XPIProvider.jsm :: loadExtensionState :: line 1596"  data: no] Stack trace: loadExtensionState()@resource://gre/modules/addons/XPIProvider.jsm:1596 < getInstallState()@resource://gre/modules/addons/XPIProvider.jsm:1631 < checkForChanges()@resource://gre/modules/addons/XPIProvider.jsm:3152 < startup()@resource://gre/modules/addons/XPIProvider.jsm:2246 < callProvider()@resource://gre/modules/AddonManager.jsm:271 < _startProvider()@resource://gre/modules/AddonManager.jsm:741 < startup()@resource://gre/modules/AddonManager.jsm:908 < startup()@resource://gre/modules/AddonManager.jsm:3122 < observe()@jar:file:///Applications/Firefox.app/Contents/Resources/omni.ja!/components/addonManager.js:65
1505435706626	Marionette	INFO	Enabled via --marionette
2017-09-14 20:35:07.762 plugin-container[1816:137437] *** CFMessagePort: bootstrap_register(): failed 1100 (0x44c) 'Permission denied', port = 0xad3b, name = 'com.apple.tsm.portname'
See /usr/include/servers/bootstrap_defs.h for the error codes.
2017-09-14 20:35:07.764 plugin-container[1816:137437] *** CFMessagePort: bootstrap_register(): failed 1100 (0x44c) 'Permission denied', port = 0xb003, name = 'com.apple.CFPasteboardClient'
See /usr/include/servers/bootstrap_defs.h for the error codes.
1505435707936	Marionette	INFO	Listening on port 52213
JavaScript error: chrome://marionette/content/server.js, line 337: NS_ERROR_SOCKET_ADDRESS_IN_USE: Component returned failure code: 0x804b0036 (NS_ERROR_SOCKET_ADDRESS_IN_USE) [nsIServerSocket.initSpecialConnection]
1505435708046	Marionette	WARN	TLS certificate errors will be ignored for this session
1505435708086	Marionette	DEBUG	loaded listener.js
1505435708106	Marionette	DEBUG	Received DOM event "beforeunload" for "about:blank"
1505435708121	Marionette	DEBUG	Received DOM event "pagehide" for "about:blank"
1505435708121	Marionette	DEBUG	Received DOM event "unload" for "about:blank"
1505435708126	Marionette	DEBUG	Received DOM event "DOMContentLoaded" for "http://localhost:8000/"
1505435708146	Marionette	DEBUG	Received DOM event "pageshow" for "http://localhost:8000/"
1505435708189	Marionette	INFO	New connections will no longer be accepted
